2021-11-10 16:00:55 - /Users/pengwei/Desktop/webapp/gooflow/controller.py[21] - INFO - 打开/Users/pengwei/Desktop/测试用例集/3.1/visualmodeler/controller.xls,开始获取测试用例文件名
2021-11-10 16:00:55 - /Users/pengwei/Desktop/webapp/gooflow/controller.py[81] - INFO - 获取到测试用例文件：/Users/pengwei/Desktop/测试用例集/3.1/visualmodeler/指令配置/通用指令解析配置.xls
2021-11-10 16:00:55 - /Users/pengwei/Desktop/webapp/gooflow/caseWorker.py[38] - INFO - Excel行数：4, 列数 : 9
2021-11-10 16:00:55 - /Users/pengwei/Desktop/webapp/gooflow/caseWorker.py[39] - INFO - -------------------------------------------------------------------------
2021-11-10 16:00:55 - /Users/pengwei/Desktop/webapp/gooflow/caseWorker.py[105] - INFO - >>>>> 添加指令解析模版，解析板卡状态
2021-11-10 16:00:55 - /Users/pengwei/Desktop/webapp/gooflow/initiation.py[13] - INFO - 启动测试初始化任务..
2021-11-10 16:00:55 - /Users/pengwei/Desktop/webapp/gooflow/initiation.py[24] - INFO - 初始化完成.
2021-11-10 16:00:55 - /Users/pengwei/Desktop/webapp/gooflow/precondition.py[115] - INFO - 预置条件全部执行完成
2021-11-10 16:00:58 - /Users/pengwei/Desktop/webapp/gooflow/operation.py[38] - INFO - 步骤：
{
    "操作": "AddRulerX",
    "参数": {
        "基本信息配置": {
            "模版名称": "自动化板卡状态解析模版",
            "模版说明": [
                "自动化板卡状态解析模版"
            ]
        },
        "结果格式化配置": {
            "分段": "否",
            "格式化成二维表": "是"
        },
        "格式化二维表配置": {
            "解析开始行": "1",
            "通过正则匹配数据列": "是",
            "正则魔方": {
                "设置方式": "添加",
                "正则模版名称": "板卡状态检查指令解析",
                "高级模式": "是",
                "表达式": "(\\d+)\\s+(\\w+)\\s+(\\w+)\\s+(\\w+)\\s+(\\w+)\\s+(\\w+)"
            },
            "样例数据": "board_status_sample.txt"
        },
        "选择判断规则": "二维表结果判断",
        "判断规则配置": {
            "目标行": "所有行",
            "行结果关系": "且",
            "规则管理": [
                {
                    "列名": "列5",
                    "关系": "等于",
                    "匹配值": "Normal",
                    "条件满足时": "正常",
                    "匹配不到值时": "无数据进行规则判断",
                    "异常提示信息": "板卡状态出现异常"
                }
            ]
        }
    }
}
2021-11-10 16:00:58 - /Users/pengwei/Desktop/webapp/gooflow/operation.py[41] - INFO - 开始执行操作： AddRulerX
2021-11-10 16:00:58 - /Users/pengwei/Desktop/webapp/app/com/wrapper/auto_login.py[25] - INFO - 当前未登录，自动执行登录操作
2021-11-10 16:00:58 - /Users/pengwei/Desktop/webapp/common/page/browser/browser.py[13] - INFO - 开始初始化浏览器.
2021-11-10 16:01:00 - /Users/pengwei/Desktop/webapp/common/page/browser/browser.py[22] - INFO - 浏览器初始化完成，浏览器信息: <selenium.webdriver.chrome.webdriver.WebDriver (session="620cbcff120623fb40cd222e7fa01caa")>
2021-11-10 16:01:01 - /Users/pengwei/Desktop/webapp/app/AiSee/main/login_page.py[68] - INFO - #######################欢迎登录AiSee系统#######################
2021-11-10 16:01:01 - /Users/pengwei/Desktop/webapp/app/AiSee/main/login_page.py[69] - INFO - 登录用户名：admin, 用户密码：admin
2021-11-10 16:01:04 - /Users/pengwei/Desktop/webapp/common/page/handle/windows.py[17] - INFO - 当前保存窗口信息:{}
2021-11-10 16:01:04 - /Users/pengwei/Desktop/webapp/common/page/handle/windows.py[27] - INFO - 保存首个窗口句柄 首页:CDwindow-AD3357ED68193B78D74835883B900F81
2021-11-10 16:01:04 - /Users/pengwei/Desktop/webapp/common/page/handle/windows.py[38] - INFO - 当前窗口信息:{'首页': 'CDwindow-AD3357ED68193B78D74835883B900F81'}
2021-11-10 16:01:06 - /Users/pengwei/Desktop/webapp/common/page/handle/windows.py[17] - INFO - 当前保存窗口信息:{'首页': 'CDwindow-AD3357ED68193B78D74835883B900F81'}
2021-11-10 16:01:06 - /Users/pengwei/Desktop/webapp/app/VisualModeler/doctorwho/doctor_who.py[22] - INFO - 进入领域后，保存新窗口句柄
2021-11-10 16:01:06 - /Users/pengwei/Desktop/webapp/common/page/handle/windows.py[61] - INFO - 窗口【流程图编辑器】不存在，无需关闭.
2021-11-10 16:01:06 - /Users/pengwei/Desktop/webapp/common/page/handle/windows.py[37] - INFO - 保存新的窗口句柄 vm:CDwindow-C255820C6510664EF428C19A0CDE24AC
2021-11-10 16:01:06 - /Users/pengwei/Desktop/webapp/common/page/handle/windows.py[38] - INFO - 当前窗口信息:{'首页': 'CDwindow-AD3357ED68193B78D74835883B900F81', 'vm': 'CDwindow-C255820C6510664EF428C19A0CDE24AC'}
2021-11-10 16:01:06 - /Users/pengwei/Desktop/webapp/common/page/handle/windows.py[45] - INFO - 切换到标签页: vm，CDwindow-C255820C6510664EF428C19A0CDE24AC
2021-11-10 16:01:07 - /Users/pengwei/Desktop/webapp/app/VisualModeler/doctorwho/doctor_who.py[45] - INFO - 点击一级菜单: 指令配置
2021-11-10 16:01:08 - /Users/pengwei/Desktop/webapp/app/VisualModeler/doctorwho/doctor_who.py[52] - INFO - 点击二级菜单: 通用指令解析配置
2021-11-10 16:01:09 - /Users/pengwei/Desktop/webapp/common/page/handle/tab.py[33] - INFO - tab列表增加: 通用指令解析配置, //*[contains(@class, 'tabs_item') and @mid='Cmd2004']
2021-11-10 16:01:09 - /Users/pengwei/Desktop/webapp/common/page/handle/tab.py[34] - INFO - 当前tab句柄信息: {'通用指令解析配置': "//*[contains(@class, 'tabs_item') and @mid='Cmd2004']"}
2021-11-10 16:01:09 - /Users/pengwei/Desktop/webapp/common/page/handle/tab.py[39] - INFO - 切换到tab页: 通用指令解析配置，//*[contains(@class, 'tabs_item') and @mid='Cmd2004']
2021-11-10 16:01:12 - /Users/pengwei/Desktop/webapp/app/VisualModeler/cmd/relurX.py[198] - INFO - 设置模版名称: 自动化板卡状态解析模版
2021-11-10 16:01:13 - /Users/pengwei/Desktop/webapp/common/page/func/input.py[28] - INFO - textarea输入内容: 自动化板卡状态解析模版
2021-11-10 16:01:13 - /Users/pengwei/Desktop/webapp/app/VisualModeler/cmd/relurX.py[205] - INFO - 设置模版说明: 自动化板卡状态解析模版
2021-11-10 16:01:13 - /Users/pengwei/Desktop/webapp/app/VisualModeler/cmd/relurX.py[219] - INFO - 【分段】勾选状态: False
2021-11-10 16:01:13 - /Users/pengwei/Desktop/webapp/app/VisualModeler/cmd/relurX.py[233] - INFO - 【分段】设置为否，不勾选
2021-11-10 16:01:13 - /Users/pengwei/Desktop/webapp/app/VisualModeler/cmd/relurX.py[238] - INFO - 【格式化成二维表】勾选状态: False
2021-11-10 16:01:14 - /Users/pengwei/Desktop/webapp/app/VisualModeler/cmd/relurX.py[246] - INFO - 勾选【格式化成二维表】
2021-11-10 16:01:17 - /Users/pengwei/Desktop/webapp/common/page/func/regexp.py[238] - INFO - 设置解析开始行: 1
2021-11-10 16:01:17 - /Users/pengwei/Desktop/webapp/common/page/func/regexp.py[243] - INFO - 【通过正则匹配数据列】勾选状态: False
2021-11-10 16:01:17 - /Users/pengwei/Desktop/webapp/common/page/func/regexp.py[251] - INFO - 勾选【通过正则匹配数据列】
2021-11-10 16:01:18 - /Users/pengwei/Desktop/webapp/common/page/func/regexp.py[68] - INFO - 开始配置正则
2021-11-10 16:01:21 - /Users/pengwei/Desktop/webapp/common/page/func/alert_box.py[49] - INFO - 弹出框返回: 正则模版保存成功！
2021-11-10 16:01:21 - /Users/pengwei/Desktop/webapp/app/VisualModeler/cmd/relurX.py[279] - INFO - 保存正则模版成功
2021-11-10 16:01:21 - /Users/pengwei/Desktop/webapp/common/page/func/load_data.py[11] - INFO - 从/Users/pengwei/Desktop/webapp/resources/sample_data/board_status_sample.txt加载sample数据
2021-11-10 16:01:24 - /Users/pengwei/Desktop/webapp/common/page/func/input.py[28] - INFO - textarea输入内容: Slot #    Type       Online    Register      Status      Primary
- - - - - - - - - - - - - - - - - - - - - - - - - - - - - - - - - - - - - -
1         LPU        Present   Registered    Normal      NA
2         LPU        Present   Registered    Normal      NA
3         LPU        Present   Registered    Normal      NA
4         LPU        Present   Registered    Normal      NA
6         LPU        Present   Registered    Normal      NA
7         LPU        Present   Registered    Normal      NA
8         LPU        Present   Registered    Normal      NA
9         MPU        Present   NA            Normal      Master
10        MPU        Present   Registered    Normal      Slave
11        SFU        Present   Registered    Normal      NA
12        SFU        Present   Registered    Down        NA
13        SFU        Present   Registered    Normal      NA
14        CLK        Present   Registered    Normal      Master
15        CLK        Present   Registered    Normal      Slave
16        PWR        Present   Registered    Normal      NA
17        PWR        Present   Registered    Normal      NA
18        FAN        Present   Registered    Normal      NA
19        FAN        Present   Registered    Normal      NA
2021-11-10 16:01:24 - /Users/pengwei/Desktop/webapp/app/VisualModeler/cmd/relurX.py[293] - INFO - 样例数据填充完成
2021-11-10 16:01:27 - /Users/pengwei/Desktop/webapp/app/VisualModeler/cmd/relurX.py[306] - INFO - 解析规则预览正常
2021-11-10 16:01:28 - /Users/pengwei/Desktop/webapp/common/page/func/table_data.py[71] - INFO - 表格列信息:【列1,列2,列3,列4,列5,列6】
2021-11-10 16:01:28 - /Users/pengwei/Desktop/webapp/common/page/func/table_data.py[88] - INFO - 表格数据信息:
[['1', 'LPU', 'Present', 'Registered', 'Normal', 'NA'], ['2', 'LPU', 'Present', 'Registered', 'Normal', 'NA'], ['3', 'LPU', 'Present', 'Registered', 'Normal', 'NA'], ['4', 'LPU', 'Present', 'Registered', 'Normal', 'NA'], ['6', 'LPU', 'Present', 'Registered', 'Normal', 'NA'], ['7', 'LPU', 'Present', 'Registered', 'Normal', 'NA'], ['8', 'LPU', 'Present', 'Registered', 'Normal', 'NA'], ['9', 'MPU', 'Present', 'NA', 'Normal', 'Master'], ['10', 'MPU', 'Present', 'Registered', 'Normal', 'Slave'], ['11', 'SFU', 'Present', 'Registered', 'Normal', 'NA'], ['12', 'SFU', 'Present', 'Registered', 'Down', 'NA'], ['13', 'SFU', 'Present', 'Registered', 'Normal', 'NA'], ['14', 'CLK', 'Present', 'Registered', 'Normal', 'Master'], ['15', 'CLK', 'Present', 'Registered', 'Normal', 'Slave'], ['16', 'PWR', 'Present', 'Registered', 'Normal', 'NA'], ['17', 'PWR', 'Present', 'Registered', 'Normal', 'NA'], ['18', 'FAN', 'Present', 'Registered', 'Normal', 'NA'], ['19', 'FAN', 'Present', 'Registered', 'Normal', 'NA']]
2021-11-10 16:01:28 - /Users/pengwei/Desktop/webapp/app/VisualModeler/cmd/relurX.py[311] - INFO - 预览结果: [['列1', '列2', '列3', '列4', '列5', '列6'], ['1', 'LPU', 'Present', 'Registered', 'Normal', 'NA'], ['2', 'LPU', 'Present', 'Registered', 'Normal', 'NA'], ['3', 'LPU', 'Present', 'Registered', 'Normal', 'NA'], ['4', 'LPU', 'Present', 'Registered', 'Normal', 'NA'], ['6', 'LPU', 'Present', 'Registered', 'Normal', 'NA'], ['7', 'LPU', 'Present', 'Registered', 'Normal', 'NA'], ['8', 'LPU', 'Present', 'Registered', 'Normal', 'NA'], ['9', 'MPU', 'Present', 'NA', 'Normal', 'Master'], ['10', 'MPU', 'Present', 'Registered', 'Normal', 'Slave'], ['11', 'SFU', 'Present', 'Registered', 'Normal', 'NA'], ['12', 'SFU', 'Present', 'Registered', 'Down', 'NA'], ['13', 'SFU', 'Present', 'Registered', 'Normal', 'NA'], ['14', 'CLK', 'Present', 'Registered', 'Normal', 'Master'], ['15', 'CLK', 'Present', 'Registered', 'Normal', 'Slave'], ['16', 'PWR', 'Present', 'Registered', 'Normal', 'NA'], ['17', 'PWR', 'Present', 'Registered', 'Normal', 'NA'], ['18', 'FAN', 'Present', 'Registered', 'Normal', 'NA'], ['19', 'FAN', 'Present', 'Registered', 'Normal', 'NA']]
2021-11-10 16:01:31 - /Users/pengwei/Desktop/webapp/app/VisualModeler/cmd/relurX.py[337] - INFO - 设置目标行: 所有行
2021-11-10 16:01:31 - /Users/pengwei/Desktop/webapp/app/VisualModeler/cmd/relurX.py[343] - INFO - 设置行结果关系: 且
2021-11-10 16:01:31 - /Users/pengwei/Desktop/webapp/app/VisualModeler/cmd/relurX.py[354] - INFO - 设置规则1
2021-11-10 16:01:31 - /Users/pengwei/Desktop/webapp/app/VisualModeler/cmd/relurX.py[401] - INFO - 规则1选择列名: 列5
2021-11-10 16:01:31 - /Users/pengwei/Desktop/webapp/app/VisualModeler/cmd/relurX.py[413] - INFO - 规则1选择关系: 等于
2021-11-10 16:01:32 - /Users/pengwei/Desktop/webapp/app/VisualModeler/cmd/relurX.py[431] - INFO - 规则1输入匹配值: Normal
2021-11-10 16:01:32 - /Users/pengwei/Desktop/webapp/app/VisualModeler/cmd/relurX.py[448] - INFO - 规则1选择条件满足时: 正常
2021-11-10 16:01:32 - /Users/pengwei/Desktop/webapp/app/VisualModeler/cmd/relurX.py[460] - INFO - 规则1选择匹配不到值时: 无数据进行规则判断
2021-11-10 16:01:32 - /Users/pengwei/Desktop/webapp/app/VisualModeler/cmd/relurX.py[469] - INFO - 规则1设置异常提示信息: 板卡状态出现异常
2021-11-10 16:01:32 - /Users/pengwei/Desktop/webapp/app/VisualModeler/cmd/relurX.py[472] - INFO - 规则1配置完成
2021-11-10 16:01:45 - /Users/pengwei/Desktop/webapp/app/VisualModeler/cmd/relurX.py[375] - INFO - 解析结果预览成功，解析结果: 异常
2021-11-10 16:01:49 - /Users/pengwei/Desktop/webapp/common/page/func/alert_box.py[49] - INFO - 弹出框返回: 向导配置完成！
2021-11-10 16:01:49 - /Users/pengwei/Desktop/webapp/app/VisualModeler/cmd/relurX.py[182] - INFO - 解析模版【自动化板卡状态解析模版】配置完成
2021-11-10 16:01:49 - /Users/pengwei/Desktop/webapp/gooflow/compares.py[30] - INFO - 开始处理 CheckMsg|向导配置完成
2021-11-10 16:01:49 - /Users/pengwei/Desktop/webapp/gooflow/caseWorker.py[210] - INFO - 第3行用例执行成功！
2021-11-10 16:01:49 - /Users/pengwei/Desktop/webapp/gooflow/caseWorker.py[211] - INFO - 已经成功执行1条用例！

2021-11-10 16:01:49 - /Users/pengwei/Desktop/webapp/gooflow/caseWorker.py[251] - INFO - 本用例集全部用例执行完成。执行结果：
2021-11-10 16:01:49 - /Users/pengwei/Desktop/webapp/gooflow/caseWorker.py[252] - INFO - 执行成功数 | 1 |
2021-11-10 16:01:49 - /Users/pengwei/Desktop/webapp/gooflow/caseWorker.py[253] - INFO - 执行失败数 | 0 |
2021-11-10 16:01:49 - /Users/pengwei/Desktop/webapp/gooflow/caseWorker.py[254] - INFO - 跳过用例数 | 0 |

2021-11-10 16:01:54 - /Users/pengwei/Desktop/webapp/gooflow/controller.py[104] - INFO - ----------------------本测试执行完成----------------------
2021-11-10 16:05:34 - /Users/pengwei/Desktop/webapp/start.py[36] - INFO - sss
2021-11-10 16:22:43 - /Users/pengwei/Desktop/webapp/start.py[36] - INFO - sss
2021-11-10 16:23:54 - /Users/pengwei/Desktop/webapp/start.py[36] - INFO - sss
2021-11-10 16:24:36 - /Users/pengwei/Desktop/webapp/start.py[36] - INFO - sss
